0 info it worked if it ends with ok
1 verbose cli [ '/usr/local/bin/node', '/usr/local/bin/npm', 'run', 'upload' ]
2 info using npm@3.8.6
3 info using node@v6.0.0
4 verbose run-script [ 'preupload', 'upload', 'postupload' ]
5 info lifecycle book.jirengu.com-fe.com@1.0.0~preupload: book.jirengu.com-fe.com@1.0.0
6 silly lifecycle book.jirengu.com-fe.com@1.0.0~preupload: no script for preupload, continuing
7 info lifecycle book.jirengu.com-fe.com@1.0.0~upload: book.jirengu.com-fe.com@1.0.0
8 verbose lifecycle book.jirengu.com-fe.com@1.0.0~upload: unsafe-perm in lifecycle true
9 verbose lifecycle book.jirengu.com-fe.com@1.0.0~upload: PATH: /usr/local/lib/node_modules/npm/bin/node-gyp-bin:/Users/wingo/workspace/git/kejian-zuoye-xiangmu/book.jirengu.com-fe.com/node_modules/.bin:/usr/local/bin:/usr/local/bin:/usr/bin:/bin:/usr/sbin:/sbin:/usr/local/git/bin
10 verbose lifecycle book.jirengu.com-fe.com@1.0.0~upload: CWD: /Users/wingo/workspace/git/kejian-zuoye-xiangmu/book.jirengu.com-fe.com
11 silly lifecycle book.jirengu.com-fe.com@1.0.0~upload: Args: [ '-c',
11 silly lifecycle   'gitbook build & cd _book ; git add . ; git commit -am "ok" ; git push origin master  & exit 1' ]
12 silly lifecycle book.jirengu.com-fe.com@1.0.0~upload: Returned: code: 1  signal: null
13 info lifecycle book.jirengu.com-fe.com@1.0.0~upload: Failed to exec upload script
14 verbose stack Error: book.jirengu.com-fe.com@1.0.0 upload: `gitbook build & cd _book ; git add . ; git commit -am "ok" ; git push origin master  & exit 1`
14 verbose stack Exit status 1
14 verbose stack     at EventEmitter.<anonymous> (/usr/local/lib/node_modules/npm/lib/utils/lifecycle.js:239:16)
14 verbose stack     at emitTwo (events.js:106:13)
14 verbose stack     at EventEmitter.emit (events.js:191:7)
14 verbose stack     at ChildProcess.<anonymous> (/usr/local/lib/node_modules/npm/lib/utils/spawn.js:24:14)
14 verbose stack     at emitTwo (events.js:106:13)
14 verbose stack     at ChildProcess.emit (events.js:191:7)
14 verbose stack     at maybeClose (internal/child_process.js:850:16)
14 verbose stack     at Process.ChildProcess._handle.onexit (internal/child_process.js:215:5)
15 verbose pkgid book.jirengu.com-fe.com@1.0.0
16 verbose cwd /Users/wingo/workspace/git/kejian-zuoye-xiangmu/book.jirengu.com-fe.com
17 error Darwin 15.2.0
18 error argv "/usr/local/bin/node" "/usr/local/bin/npm" "run" "upload"
19 error node v6.0.0
20 error npm  v3.8.6
21 error code ELIFECYCLE
22 error book.jirengu.com-fe.com@1.0.0 upload: `gitbook build & cd _book ; git add . ; git commit -am "ok" ; git push origin master  & exit 1`
22 error Exit status 1
23 error Failed at the book.jirengu.com-fe.com@1.0.0 upload script 'gitbook build & cd _book ; git add . ; git commit -am "ok" ; git push origin master  & exit 1'.
23 error Make sure you have the latest version of node.js and npm installed.
23 error If you do, this is most likely a problem with the book.jirengu.com-fe.com package,
23 error not with npm itself.
23 error Tell the author that this fails on your system:
23 error     gitbook build & cd _book ; git add . ; git commit -am "ok" ; git push origin master  & exit 1
23 error You can get information on how to open an issue for this project with:
23 error     npm bugs book.jirengu.com-fe.com
23 error Or if that isn't available, you can get their info via:
23 error     npm owner ls book.jirengu.com-fe.com
23 error There is likely additional logging output above.
24 verbose exit [ 1, true ]
